<?xml version="1.0" encoding="UTF-8"?>
<!-- Generated by org.testng.reporters.JUnitReportReporter -->
<testsuite hostname="TVLLAP26" failures="0" tests="1" name="NewTest" time="1.959" errors="0" timestamp="2024-01-23T18:16:21 BDT" skipped="0">
  <testcase classname="NewTest" name="loginTest" time="1.959"/>
  <system-out/>
</testsuite> <!-- NewTest -->
